   1              	 .syntax unified
   2              	 .cpu cortex-m4
   3              	 .eabi_attribute 27,3
   4              	 .fpu fpv4-sp-d16
   5              	 .eabi_attribute 20,1
   6              	 .eabi_attribute 21,1
   7              	 .eabi_attribute 23,3
   8              	 .eabi_attribute 24,1
   9              	 .eabi_attribute 25,1
  10              	 .eabi_attribute 26,1
  11              	 .eabi_attribute 30,6
  12              	 .eabi_attribute 34,1
  13              	 .eabi_attribute 18,4
  14              	 .thumb
  15              	 .file "main.c"
  16              	 .text
  17              	.Ltext0:
  18              	 .cfi_sections .debug_frame
  19              	 .comm CCU8_CC8_CR1_CR1_Value,4,4
  20              	 .comm theta_fast,4,4
  21              	 .section .text.infinite_loop,"ax",%progbits
  22              	 .align 2
  23              	 .global infinite_loop
  24              	 .thumb
  25              	 .thumb_func
  27              	infinite_loop:
  28              	.LFB361:
  29              	 .file 1 "../main.c"
   1:../main.c     **** #include <stdint.h>
   2:../main.c     **** #include <stdbool.h>
   3:../main.c     **** #include <xmc_common.h>   // includes stdint stdbool stdef stdstring
   4:../main.c     **** #include "driver_pwm.h"
   5:../main.c     **** #include "main.h"
   6:../main.c     **** #include <xmc_vadc.h>
   7:../main.c     **** #include <xmc_ccu4.h>
   8:../main.c     **** #include <kernel_interrupt.h>
   9:../main.c     **** #include "io.h"
  10:../main.c     **** #include "timer.h"
  11:../main.c     **** #include "Encoder.h"
  12:../main.c     **** #include <probe_scope.h>
  13:../main.c     **** #include "driver_adc.h"
  14:../main.c     **** #include "transform.h"
  15:../main.c     **** #include "motor_data_update.h"
  16:../main.c     **** #include "state_machine.h"
  17:../main.c     **** #include "current_protection.h"
  18:../main.c     **** 
  19:../main.c     **** void infinite_loop (void)
  20:../main.c     **** {
  30              	 .loc 1 20 0
  31              	 .cfi_startproc
  32              	 
  33              	 
  34 0000 80B5     	 push {r7,lr}
  35              	.LCFI0:
  36              	 .cfi_def_cfa_offset 8
  37              	 .cfi_offset 7,-8
  38              	 .cfi_offset 14,-4
  39 0002 00AF     	 add r7,sp,#0
  40              	.LCFI1:
  41              	 .cfi_def_cfa_register 7
  21:../main.c     **** 	state_machine();
  42              	 .loc 1 21 0
  43 0004 FFF7FEFF 	 bl state_machine
  22:../main.c     **** 
  23:../main.c     **** 	// if ((drive_status & DRIVE_STATUS_PROT_MSK) == 1){
  24:../main.c     **** 	// 	drive_status = STATE_0_DRIVE_DISABLED;
  25:../main.c     **** 	// }
  26:../main.c     **** }
  44              	 .loc 1 26 0
  45 0008 80BD     	 pop {r7,pc}
  46              	 .cfi_endproc
  47              	.LFE361:
  49 000a 00BF     	 .section .text.main,"ax",%progbits
  50              	 .align 2
  51              	 .global main
  52              	 .thumb
  53              	 .thumb_func
  55              	main:
  56              	.LFB362:
  27:../main.c     **** 
  28:../main.c     **** int main(void)
  29:../main.c     **** {
  57              	 .loc 1 29 0
  58              	 .cfi_startproc
  59              	 
  60              	 
  61 0000 80B5     	 push {r7,lr}
  62              	.LCFI2:
  63              	 .cfi_def_cfa_offset 8
  64              	 .cfi_offset 7,-8
  65              	 .cfi_offset 14,-4
  66 0002 00AF     	 add r7,sp,#0
  67              	.LCFI3:
  68              	 .cfi_def_cfa_register 7
  30:../main.c     **** 	interrupt_vadc_init();		// Interrupts generated by the VADC - sets up the CCU80 - CC83
  69              	 .loc 1 30 0
  70 0004 FFF7FEFF 	 bl interrupt_vadc_init
  31:../main.c     **** 	pwm_init();					// PWM & clock initialization - CC80/81/82
  71              	 .loc 1 31 0
  72 0008 FFF7FEFF 	 bl pwm_init
  32:../main.c     **** 	encoder_init();				// Encoder initialization
  73              	 .loc 1 32 0
  74 000c FFF7FEFF 	 bl encoder_init
  33:../main.c     **** 	adc_init();					// VADC initialization
  75              	 .loc 1 33 0
  76 0010 FFF7FEFF 	 bl adc_init
  34:../main.c     **** 	ProbeScope_Init(10000);		// Initialize Oscilloscope for Micrium - imported
  77              	 .loc 1 34 0
  78 0014 42F21070 	 movw r0,#10000
  79 0018 FFF7FEFF 	 bl ProbeScope_Init
  80              	.LBB4:
  81              	.LBB5:
  82              	 .file 2 "C:/CODE/Licenta/Libraries/CMSIS/Include/cmsis_gcc.h"
   1:C:/CODE/Licenta/Libraries/CMSIS/Include\cmsis_gcc.h **** /**************************************************************************//**
   2:C:/CODE/Licenta/Libraries/CMSIS/Include\cmsis_gcc.h ****  * @file     cmsis_gcc.h
   3:C:/CODE/Licenta/Libraries/CMSIS/Include\cmsis_gcc.h ****  * @brief    CMSIS compiler GCC header file
   4:C:/CODE/Licenta/Libraries/CMSIS/Include\cmsis_gcc.h ****  * @version  V5.1.0
   5:C:/CODE/Licenta/Libraries/CMSIS/Include\cmsis_gcc.h ****  * @date     20. December 2018
   6:C:/CODE/Licenta/Libraries/CMSIS/Include\cmsis_gcc.h ****  ******************************************************************************/
   7:C:/CODE/Licenta/Libraries/CMSIS/Include\cmsis_gcc.h **** /*
   8:C:/CODE/Licenta/Libraries/CMSIS/Include\cmsis_gcc.h ****  * Copyright (c) 2009-2018 Arm Limited. All rights reserved.
   9:C:/CODE/Licenta/Libraries/CMSIS/Include\cmsis_gcc.h ****  *
  10:C:/CODE/Licenta/Libraries/CMSIS/Include\cmsis_gcc.h ****  * SPDX-License-Identifier: Apache-2.0
  11:C:/CODE/Licenta/Libraries/CMSIS/Include\cmsis_gcc.h ****  *
  12:C:/CODE/Licenta/Libraries/CMSIS/Include\cmsis_gcc.h ****  * Licensed under the Apache License, Version 2.0 (the License); you may
  13:C:/CODE/Licenta/Libraries/CMSIS/Include\cmsis_gcc.h ****  * not use this file except in compliance with the License.
  14:C:/CODE/Licenta/Libraries/CMSIS/Include\cmsis_gcc.h ****  * You may obtain a copy of the License at
  15:C:/CODE/Licenta/Libraries/CMSIS/Include\cmsis_gcc.h ****  *
  16:C:/CODE/Licenta/Libraries/CMSIS/Include\cmsis_gcc.h ****  * www.apache.org/licenses/LICENSE-2.0
  17:C:/CODE/Licenta/Libraries/CMSIS/Include\cmsis_gcc.h ****  *
  18:C:/CODE/Licenta/Libraries/CMSIS/Include\cmsis_gcc.h ****  * Unless required by applicable law or agreed to in writing, software
  19:C:/CODE/Licenta/Libraries/CMSIS/Include\cmsis_gcc.h ****  * distributed under the License is distributed on an AS IS BASIS, WITHOUT
  20:C:/CODE/Licenta/Libraries/CMSIS/Include\cmsis_gcc.h ****  * WARRANTIES OR CONDITIONS OF ANY KIND, either express or implied.
  21:C:/CODE/Licenta/Libraries/CMSIS/Include\cmsis_gcc.h ****  * See the License for the specific language governing permissions and
  22:C:/CODE/Licenta/Libraries/CMSIS/Include\cmsis_gcc.h ****  * limitations under the License.
  23:C:/CODE/Licenta/Libraries/CMSIS/Include\cmsis_gcc.h ****  */
  24:C:/CODE/Licenta/Libraries/CMSIS/Include\cmsis_gcc.h **** 
  25:C:/CODE/Licenta/Libraries/CMSIS/Include\cmsis_gcc.h **** #ifndef __CMSIS_GCC_H
  26:C:/CODE/Licenta/Libraries/CMSIS/Include\cmsis_gcc.h **** #define __CMSIS_GCC_H
  27:C:/CODE/Licenta/Libraries/CMSIS/Include\cmsis_gcc.h **** 
  28:C:/CODE/Licenta/Libraries/CMSIS/Include\cmsis_gcc.h **** /* ignore some GCC warnings */
  29:C:/CODE/Licenta/Libraries/CMSIS/Include\cmsis_gcc.h **** #pragma GCC diagnostic push
  30:C:/CODE/Licenta/Libraries/CMSIS/Include\cmsis_gcc.h **** #pragma GCC diagnostic ignored "-Wsign-conversion"
  31:C:/CODE/Licenta/Libraries/CMSIS/Include\cmsis_gcc.h **** #pragma GCC diagnostic ignored "-Wconversion"
  32:C:/CODE/Licenta/Libraries/CMSIS/Include\cmsis_gcc.h **** #pragma GCC diagnostic ignored "-Wunused-parameter"
  33:C:/CODE/Licenta/Libraries/CMSIS/Include\cmsis_gcc.h **** 
  34:C:/CODE/Licenta/Libraries/CMSIS/Include\cmsis_gcc.h **** /* Fallback for __has_builtin */
  35:C:/CODE/Licenta/Libraries/CMSIS/Include\cmsis_gcc.h **** #ifndef __has_builtin
  36:C:/CODE/Licenta/Libraries/CMSIS/Include\cmsis_gcc.h ****   #define __has_builtin(x) (0)
  37:C:/CODE/Licenta/Libraries/CMSIS/Include\cmsis_gcc.h **** #endif
  38:C:/CODE/Licenta/Libraries/CMSIS/Include\cmsis_gcc.h **** 
  39:C:/CODE/Licenta/Libraries/CMSIS/Include\cmsis_gcc.h **** /* CMSIS compiler specific defines */
  40:C:/CODE/Licenta/Libraries/CMSIS/Include\cmsis_gcc.h **** #ifndef   __ASM
  41:C:/CODE/Licenta/Libraries/CMSIS/Include\cmsis_gcc.h ****   #define __ASM                                  __asm
  42:C:/CODE/Licenta/Libraries/CMSIS/Include\cmsis_gcc.h **** #endif
  43:C:/CODE/Licenta/Libraries/CMSIS/Include\cmsis_gcc.h **** #ifndef   __INLINE
  44:C:/CODE/Licenta/Libraries/CMSIS/Include\cmsis_gcc.h ****   #define __INLINE                               inline
  45:C:/CODE/Licenta/Libraries/CMSIS/Include\cmsis_gcc.h **** #endif
  46:C:/CODE/Licenta/Libraries/CMSIS/Include\cmsis_gcc.h **** #ifndef   __STATIC_INLINE
  47:C:/CODE/Licenta/Libraries/CMSIS/Include\cmsis_gcc.h ****   #define __STATIC_INLINE                        static inline
  48:C:/CODE/Licenta/Libraries/CMSIS/Include\cmsis_gcc.h **** #endif
  49:C:/CODE/Licenta/Libraries/CMSIS/Include\cmsis_gcc.h **** #ifndef   __STATIC_FORCEINLINE                 
  50:C:/CODE/Licenta/Libraries/CMSIS/Include\cmsis_gcc.h ****   #define __STATIC_FORCEINLINE                   __attribute__((always_inline)) static inline
  51:C:/CODE/Licenta/Libraries/CMSIS/Include\cmsis_gcc.h **** #endif                                           
  52:C:/CODE/Licenta/Libraries/CMSIS/Include\cmsis_gcc.h **** #ifndef   __NO_RETURN
  53:C:/CODE/Licenta/Libraries/CMSIS/Include\cmsis_gcc.h ****   #define __NO_RETURN                            __attribute__((__noreturn__))
  54:C:/CODE/Licenta/Libraries/CMSIS/Include\cmsis_gcc.h **** #endif
  55:C:/CODE/Licenta/Libraries/CMSIS/Include\cmsis_gcc.h **** #ifndef   __USED
  56:C:/CODE/Licenta/Libraries/CMSIS/Include\cmsis_gcc.h ****   #define __USED                                 __attribute__((used))
  57:C:/CODE/Licenta/Libraries/CMSIS/Include\cmsis_gcc.h **** #endif
  58:C:/CODE/Licenta/Libraries/CMSIS/Include\cmsis_gcc.h **** #ifndef   __WEAK
  59:C:/CODE/Licenta/Libraries/CMSIS/Include\cmsis_gcc.h ****   #define __WEAK                                 __attribute__((weak))
  60:C:/CODE/Licenta/Libraries/CMSIS/Include\cmsis_gcc.h **** #endif
  61:C:/CODE/Licenta/Libraries/CMSIS/Include\cmsis_gcc.h **** #ifndef   __PACKED
  62:C:/CODE/Licenta/Libraries/CMSIS/Include\cmsis_gcc.h ****   #define __PACKED                               __attribute__((packed, aligned(1)))
  63:C:/CODE/Licenta/Libraries/CMSIS/Include\cmsis_gcc.h **** #endif
  64:C:/CODE/Licenta/Libraries/CMSIS/Include\cmsis_gcc.h **** #ifndef   __PACKED_STRUCT
  65:C:/CODE/Licenta/Libraries/CMSIS/Include\cmsis_gcc.h ****   #define __PACKED_STRUCT                        struct __attribute__((packed, aligned(1)))
  66:C:/CODE/Licenta/Libraries/CMSIS/Include\cmsis_gcc.h **** #endif
  67:C:/CODE/Licenta/Libraries/CMSIS/Include\cmsis_gcc.h **** #ifndef   __PACKED_UNION
  68:C:/CODE/Licenta/Libraries/CMSIS/Include\cmsis_gcc.h ****   #define __PACKED_UNION                         union __attribute__((packed, aligned(1)))
  69:C:/CODE/Licenta/Libraries/CMSIS/Include\cmsis_gcc.h **** #endif
  70:C:/CODE/Licenta/Libraries/CMSIS/Include\cmsis_gcc.h **** #ifndef   __UNALIGNED_UINT32        /* deprecated */
  71:C:/CODE/Licenta/Libraries/CMSIS/Include\cmsis_gcc.h ****   #pragma GCC diagnostic push
  72:C:/CODE/Licenta/Libraries/CMSIS/Include\cmsis_gcc.h ****   #pragma GCC diagnostic ignored "-Wpacked"
  73:C:/CODE/Licenta/Libraries/CMSIS/Include\cmsis_gcc.h ****   #pragma GCC diagnostic ignored "-Wattributes"
  74:C:/CODE/Licenta/Libraries/CMSIS/Include\cmsis_gcc.h ****   struct __attribute__((packed)) T_UINT32 { uint32_t v; };
  75:C:/CODE/Licenta/Libraries/CMSIS/Include\cmsis_gcc.h ****   #pragma GCC diagnostic pop
  76:C:/CODE/Licenta/Libraries/CMSIS/Include\cmsis_gcc.h ****   #define __UNALIGNED_UINT32(x)                  (((struct T_UINT32 *)(x))->v)
  77:C:/CODE/Licenta/Libraries/CMSIS/Include\cmsis_gcc.h **** #endif
  78:C:/CODE/Licenta/Libraries/CMSIS/Include\cmsis_gcc.h **** #ifndef   __UNALIGNED_UINT16_WRITE
  79:C:/CODE/Licenta/Libraries/CMSIS/Include\cmsis_gcc.h ****   #pragma GCC diagnostic push
  80:C:/CODE/Licenta/Libraries/CMSIS/Include\cmsis_gcc.h ****   #pragma GCC diagnostic ignored "-Wpacked"
  81:C:/CODE/Licenta/Libraries/CMSIS/Include\cmsis_gcc.h ****   #pragma GCC diagnostic ignored "-Wattributes"
  82:C:/CODE/Licenta/Libraries/CMSIS/Include\cmsis_gcc.h ****   __PACKED_STRUCT T_UINT16_WRITE { uint16_t v; };
  83:C:/CODE/Licenta/Libraries/CMSIS/Include\cmsis_gcc.h ****   #pragma GCC diagnostic pop
  84:C:/CODE/Licenta/Libraries/CMSIS/Include\cmsis_gcc.h ****   #define __UNALIGNED_UINT16_WRITE(addr, val)    (void)((((struct T_UINT16_WRITE *)(void *)(addr))-
  85:C:/CODE/Licenta/Libraries/CMSIS/Include\cmsis_gcc.h **** #endif
  86:C:/CODE/Licenta/Libraries/CMSIS/Include\cmsis_gcc.h **** #ifndef   __UNALIGNED_UINT16_READ
  87:C:/CODE/Licenta/Libraries/CMSIS/Include\cmsis_gcc.h ****   #pragma GCC diagnostic push
  88:C:/CODE/Licenta/Libraries/CMSIS/Include\cmsis_gcc.h ****   #pragma GCC diagnostic ignored "-Wpacked"
  89:C:/CODE/Licenta/Libraries/CMSIS/Include\cmsis_gcc.h ****   #pragma GCC diagnostic ignored "-Wattributes"
  90:C:/CODE/Licenta/Libraries/CMSIS/Include\cmsis_gcc.h ****   __PACKED_STRUCT T_UINT16_READ { uint16_t v; };
  91:C:/CODE/Licenta/Libraries/CMSIS/Include\cmsis_gcc.h ****   #pragma GCC diagnostic pop
  92:C:/CODE/Licenta/Libraries/CMSIS/Include\cmsis_gcc.h ****   #define __UNALIGNED_UINT16_READ(addr)          (((const struct T_UINT16_READ *)(const void *)(add
  93:C:/CODE/Licenta/Libraries/CMSIS/Include\cmsis_gcc.h **** #endif
  94:C:/CODE/Licenta/Libraries/CMSIS/Include\cmsis_gcc.h **** #ifndef   __UNALIGNED_UINT32_WRITE
  95:C:/CODE/Licenta/Libraries/CMSIS/Include\cmsis_gcc.h ****   #pragma GCC diagnostic push
  96:C:/CODE/Licenta/Libraries/CMSIS/Include\cmsis_gcc.h ****   #pragma GCC diagnostic ignored "-Wpacked"
  97:C:/CODE/Licenta/Libraries/CMSIS/Include\cmsis_gcc.h ****   #pragma GCC diagnostic ignored "-Wattributes"
  98:C:/CODE/Licenta/Libraries/CMSIS/Include\cmsis_gcc.h ****   __PACKED_STRUCT T_UINT32_WRITE { uint32_t v; };
  99:C:/CODE/Licenta/Libraries/CMSIS/Include\cmsis_gcc.h ****   #pragma GCC diagnostic pop
 100:C:/CODE/Licenta/Libraries/CMSIS/Include\cmsis_gcc.h ****   #define __UNALIGNED_UINT32_WRITE(addr, val)    (void)((((struct T_UINT32_WRITE *)(void *)(addr))-
 101:C:/CODE/Licenta/Libraries/CMSIS/Include\cmsis_gcc.h **** #endif
 102:C:/CODE/Licenta/Libraries/CMSIS/Include\cmsis_gcc.h **** #ifndef   __UNALIGNED_UINT32_READ
 103:C:/CODE/Licenta/Libraries/CMSIS/Include\cmsis_gcc.h ****   #pragma GCC diagnostic push
 104:C:/CODE/Licenta/Libraries/CMSIS/Include\cmsis_gcc.h ****   #pragma GCC diagnostic ignored "-Wpacked"
 105:C:/CODE/Licenta/Libraries/CMSIS/Include\cmsis_gcc.h ****   #pragma GCC diagnostic ignored "-Wattributes"
 106:C:/CODE/Licenta/Libraries/CMSIS/Include\cmsis_gcc.h ****   __PACKED_STRUCT T_UINT32_READ { uint32_t v; };
 107:C:/CODE/Licenta/Libraries/CMSIS/Include\cmsis_gcc.h ****   #pragma GCC diagnostic pop
 108:C:/CODE/Licenta/Libraries/CMSIS/Include\cmsis_gcc.h ****   #define __UNALIGNED_UINT32_READ(addr)          (((const struct T_UINT32_READ *)(const void *)(add
 109:C:/CODE/Licenta/Libraries/CMSIS/Include\cmsis_gcc.h **** #endif
 110:C:/CODE/Licenta/Libraries/CMSIS/Include\cmsis_gcc.h **** #ifndef   __ALIGNED
 111:C:/CODE/Licenta/Libraries/CMSIS/Include\cmsis_gcc.h ****   #define __ALIGNED(x)                           __attribute__((aligned(x)))
 112:C:/CODE/Licenta/Libraries/CMSIS/Include\cmsis_gcc.h **** #endif
 113:C:/CODE/Licenta/Libraries/CMSIS/Include\cmsis_gcc.h **** #ifndef   __RESTRICT
 114:C:/CODE/Licenta/Libraries/CMSIS/Include\cmsis_gcc.h ****   #define __RESTRICT                             __restrict
 115:C:/CODE/Licenta/Libraries/CMSIS/Include\cmsis_gcc.h **** #endif
 116:C:/CODE/Licenta/Libraries/CMSIS/Include\cmsis_gcc.h **** 
 117:C:/CODE/Licenta/Libraries/CMSIS/Include\cmsis_gcc.h **** 
 118:C:/CODE/Licenta/Libraries/CMSIS/Include\cmsis_gcc.h **** /* ###########################  Core Function Access  ########################### */
 119:C:/CODE/Licenta/Libraries/CMSIS/Include\cmsis_gcc.h **** /** \ingroup  CMSIS_Core_FunctionInterface
 120:C:/CODE/Licenta/Libraries/CMSIS/Include\cmsis_gcc.h ****     \defgroup CMSIS_Core_RegAccFunctions CMSIS Core Register Access Functions
 121:C:/CODE/Licenta/Libraries/CMSIS/Include\cmsis_gcc.h ****   @{
 122:C:/CODE/Licenta/Libraries/CMSIS/Include\cmsis_gcc.h ****  */
 123:C:/CODE/Licenta/Libraries/CMSIS/Include\cmsis_gcc.h **** 
 124:C:/CODE/Licenta/Libraries/CMSIS/Include\cmsis_gcc.h **** /**
 125:C:/CODE/Licenta/Libraries/CMSIS/Include\cmsis_gcc.h ****   \brief   Enable IRQ Interrupts
 126:C:/CODE/Licenta/Libraries/CMSIS/Include\cmsis_gcc.h ****   \details Enables IRQ interrupts by clearing the I-bit in the CPSR.
 127:C:/CODE/Licenta/Libraries/CMSIS/Include\cmsis_gcc.h ****            Can only be executed in Privileged modes.
 128:C:/CODE/Licenta/Libraries/CMSIS/Include\cmsis_gcc.h ****  */
 129:C:/CODE/Licenta/Libraries/CMSIS/Include\cmsis_gcc.h **** __STATIC_FORCEINLINE void __enable_irq(void)
 130:C:/CODE/Licenta/Libraries/CMSIS/Include\cmsis_gcc.h **** {
 131:C:/CODE/Licenta/Libraries/CMSIS/Include\cmsis_gcc.h ****   __ASM volatile ("cpsie i" : : : "memory");
  83              	 .loc 2 131 0
  84              	
  85 001c 62B6     	 cpsie i
  86              	
  87              	 .thumb
  88              	.L3:
  89              	.LBE5:
  90              	.LBE4:
  35:../main.c     **** //	encoder_interrupt_init();	// Interrupt generated by Encoder
  36:../main.c     **** //	init_io();					// (For testing I/O stuff) - not used anymore
  37:../main.c     **** 	__enable_irq();				// built in interrupt enable function
  38:../main.c     **** 
  39:../main.c     **** 
  40:../main.c     **** 	while(1U)
  41:../main.c     **** 	{
  42:../main.c     **** 		/* Infinite loop */
  43:../main.c     **** 		infinite_loop();
  91              	 .loc 1 43 0 discriminator 1
  92 001e FFF7FEFF 	 bl infinite_loop
  44:../main.c     **** 	}
  93              	 .loc 1 44 0 discriminator 1
  94 0022 FCE7     	 b .L3
  95              	 .cfi_endproc
  96              	.LFE362:
  98              	 .text
  99              	.Letext0:
 100              	 .file 3 "c:\\dave-ide-4.4.2-64bit\\eclipse\\arm-gcc-49\\arm-none-eabi\\include\\machine\\_default_types.h"
 101              	 .file 4 "c:\\dave-ide-4.4.2-64bit\\eclipse\\arm-gcc-49\\arm-none-eabi\\include\\stdint.h"
 102              	 .file 5 "C:/CODE/Licenta/Libraries/CMSIS/Include/core_cm4.h"
 103              	 .file 6 "C:/CODE/Licenta/Libraries/CMSIS/Infineon/XMC4800_series/Include/system_XMC4800.h"
 104              	 .file 7 "../main.h"
 105              	 .file 8 "../transform.h"
DEFINED SYMBOLS
                            *ABS*:00000000 main.c
                            *COM*:00000004 CCU8_CC8_CR1_CR1_Value
                            *COM*:00000004 theta_fast
    {standard input}:22     .text.infinite_loop:00000000 $t
    {standard input}:27     .text.infinite_loop:00000000 infinite_loop
    {standard input}:50     .text.main:00000000 $t
    {standard input}:55     .text.main:00000000 main
                     .debug_frame:00000010 $d

UNDEFINED SYMBOLS
state_machine
interrupt_vadc_init
pwm_init
encoder_init
adc_init
ProbeScope_Init
